2025-03-18 12:15:07 - Starting EcommerceManagementApplication using Java 21.0.1 with PID 3190 (/Users/user/Downloads/ecommerce-management/target/classes started by user in /Users/user/Downloads/ecommerce-management)
2025-03-18 12:15:07 - No active profile set, falling back to 1 default profile: "default"
2025-03-18 12:15:08 - Bootstrapping Spring Data JPA repositories in DEFAULT mode.
2025-03-18 12:15:08 - Finished Spring Data repository scanning in 120 ms. Found 9 JPA repository interfaces.
2025-03-18 12:15:09 - Tomcat initialized with port 8080 (http)
2025-03-18 12:15:09 - Starting service [Tomcat]
2025-03-18 12:15:09 - Starting Servlet engine: [Apache Tomcat/10.1.18]
2025-03-18 12:15:09 - Initializing Spring embedded WebApplicationContext
2025-03-18 12:15:09 - Root WebApplicationContext: initialization completed in 2122 ms
2025-03-18 12:15:09 - HHH000204: Processing PersistenceUnitInfo [name: default]
2025-03-18 12:15:09 - HHH000412: Hibernate ORM core version 6.4.1.Final
2025-03-18 12:15:09 - HHH000026: Second-level cache disabled
2025-03-18 12:15:10 - No LoadTimeWeaver setup: ignoring JPA class transformer
2025-03-18 12:15:10 - HikariPool-1 - Starting...
2025-03-18 12:15:10 - HikariPool-1 - Added connection org.postgresql.jdbc.PgConnection@658e7ead
2025-03-18 12:15:10 - HikariPool-1 - Start completed.
2025-03-18 12:15:12 - HHH000489: No JTA platform available (set 'hibernate.transaction.jta.platform' to enable JTA platform integration)
2025-03-18 12:15:12 - Initialized JPA EntityManagerFactory for persistence unit 'default'
2025-03-18 12:15:14 - spring.jpa.open-in-view is enabled by default. Therefore, database queries may be performed during view rendering. Explicitly configure spring.jpa.open-in-view to disable this warning
2025-03-18 12:15:15 - 24 mappings in 'requestMappingHandlerMapping'
2025-03-18 12:15:15 - Patterns [/webjars/**, /**] in 'resourceHandlerMapping'
2025-03-18 12:15:15 - Will secure any request with [org.springframework.security.web.session.DisableEncodeUrlFilter@51e14cb6, org.springframework.security.web.context.request.async.WebAsyncManagerIntegrationFilter@715523b8, org.springframework.security.web.context.SecurityContextHolderFilter@383a5260, org.springframework.security.web.header.HeaderWriterFilter@d0538b3, org.springframework.web.filter.CorsFilter@4f239a76, org.springframework.security.web.authentication.logout.LogoutFilter@3618486e, org.springframework.security.oauth2.server.resource.web.authentication.BearerTokenAuthenticationFilter@1bf4a79b, org.springframework.security.web.savedrequest.RequestCacheAwareFilter@ce5a2ea, org.springframework.security.web.servletapi.SecurityContextHolderAwareRequestFilter@37a0c3c6, org.springframework.security.web.authentication.AnonymousAuthenticationFilter@1ac30be4, org.springframework.security.web.session.SessionManagementFilter@31c800a5, org.springframework.security.web.access.ExceptionTranslationFilter@7c35d7d, org.springframework.security.web.access.intercept.AuthorizationFilter@590ab84]
2025-03-18 12:15:15 - ControllerAdvice beans: 0 @ModelAttribute, 0 @InitBinder, 1 RequestBodyAdvice, 1 ResponseBodyAdvice
2025-03-18 12:15:15 - ControllerAdvice beans: 0 @ExceptionHandler, 1 ResponseBodyAdvice
2025-03-18 12:15:15 - Cannot find template location: classpath:/templates/ (please add some templates, check your Thymeleaf configuration, or set spring.thymeleaf.check-template-location=false)
2025-03-18 12:15:15 - Tomcat started on port 8080 (http) with context path ''
2025-03-18 12:15:15 - Started EcommerceManagementApplication in 8.971 seconds (process running for 9.479)
2025-03-18 12:15:20 - Closing JPA EntityManagerFactory for persistence unit 'default'
2025-03-18 12:15:20 - HikariPool-1 - Shutdown initiated...
2025-03-18 12:15:20 - HikariPool-1 - Shutdown completed.
